<?xml version="1.0" encoding="UTF-8"?>
<testng-results skipped="0" failed="0" ignored="0" total="1" passed="1">
  <reporter-output>
  </reporter-output>
  <suite name="Default suite" duration-ms="5912" started-at="2019-01-06T10:19:23Z" finished-at="2019-01-06T10:19:28Z">
    <groups>
      <group name="cucumber">
        <method signature="AbstractTestNGCucumberTests.feature(cucumber.api.testng.CucumberFeatureWrapper)[pri:0, instance:runner.RunCukes@2d928643]" name="feature" class="cucumber.api.testng.AbstractTestNGCucumberTests"/>
      </group> <!-- cucumber -->
    </groups>
    <test name="Default test" duration-ms="5912" started-at="2019-01-06T10:19:23Z" finished-at="2019-01-06T10:19:28Z">
      <class name="runner.RunCukes">
        <test-method status="PASS" signature="setUpClass()[pri:0, instance:runner.RunCukes@2d928643]" name="setUpClass" is-config="true" duration-ms="261" started-at="2019-01-06T10:19:23Z" finished-at="2019-01-06T10:19:23Z">
          <reporter-output>
          </reporter-output>
        </test-method> <!-- setUpClass -->
        <test-method status="PASS" signature="feature(cucumber.api.testng.CucumberFeatureWrapper)[pri:0, instance:runner.RunCukes@2d928643]" name="feature" duration-ms="5522" started-at="2019-01-06T10:19:23Z" description="Runs Cucumber Feature" data-provider="features" finished-at="2019-01-06T10:19:28Z">
          <params>
            <param index="0">
              <value>
                <![CDATA[Logging Request and Response Information of Rest Service]]>
              </value>
            </param>
          </params>
          <reporter-output>
          </reporter-output>
        </test-method> <!-- feature -->
        <test-method status="PASS" signature="tearDownClass()[pri:0, instance:runner.RunCukes@2d928643]" name="tearDownClass" is-config="true" duration-ms="27" started-at="2019-01-06T10:19:28Z" finished-at="2019-01-06T10:19:28Z">
          <reporter-output>
          </reporter-output>
        </test-method> <!-- tearDownClass -->
      </class> <!-- runner.RunCukes -->
    </test> <!-- Default test -->
  </suite> <!-- Default suite -->
</testng-results>
