<?xml version="1.0" encoding="UTF-8"?>
<!-- Generated by org.testng.reporters.JUnitXMLReporter -->
<testsuite hostname="SVINLP00321" ignored="0" name="Test" tests="1" failures="1" timestamp="27 Dec 2018 12:15:22 GMT" time="23.569" errors="0">
  <testcase name="feature" time="23.196" classname="cucumber.api.testng.AbstractTestNGCucumberTests">
    <failure type="cucumber.runtime.CucumberException" message="java.lang.NullPointerException">
      <![CDATA[cucumber.runtime.CucumberException: java.lang.NullPointerException
at cucumber.api.testng.TestNGCucumberRunner.runCucumber(TestNGCucumberRunner.java:69)
at cucumber.api.testng.AbstractTestNGCucumberTests.feature(AbstractTestNGCucumberTests.java:21)
Caused by: java.lang.NullPointerException
at org.openqa.selenium.support.pagefactory.internal.LocatingElementHandler.invoke(LocatingElementHandler.java:51)
at com.sun.proxy.$Proxy19.getText(Unknown Source)
at pagesAction.LoginAction.getLoggedInUser(LoginAction.java:45)
at stepDefinition.LoginSteps.user_is_successfully_LoggedIn(LoginSteps.java:44)
at ✽.Then user is successfully LoggedIn(Login.feature:11)
... Removed 29 stack frames]]>
    </failure>
  </testcase> <!-- feature -->
</testsuite> <!-- Test -->
